
*** Running vivado
    with args -log Memoire_Instruction.vds -m64 -product Vivado -mode batch -messageDb vivado.pb -notrace -source Memoire_Instruction.tcl


****** Vivado v2018.2 (64-bit)
  **** SW Build 2258646 on Thu Jun 14 20:02:38 MDT 2018
  **** IP Build 2256618 on Thu Jun 14 22:10:49 MDT 2018
    ** Copyright 1986-2018 Xilinx, Inc. All Rights Reserved.

source Memoire_Instruction.tcl -notrace
Command: synth_design -top Memoire_Instruction -part xc7a35tcpg236-1
Starting synth_design
Attempting to get a license for feature 'Synthesis' and/or device 'xc7a35t'
INFO: [Common 17-349] Got license for feature 'Synthesis' and/or device 'xc7a35t'
INFO: Launching helper process for spawning children vivado processes
INFO: Helper process launched with PID 13766 
---------------------------------------------------------------------------------
Starting RTL Elaboration : Time (s): cpu = 00:00:01 ; elapsed = 00:00:02 . Memory (MB): peak = 1255.266 ; gain = 83.699 ; free physical = 58665 ; free virtual = 70095
---------------------------------------------------------------------------------
INFO: [Synth 8-638] synthesizing module 'Memoire_Instruction' [/home/clrousse/4IR/Processeur/Processeur.srcs/sources_1/new/Memoire_Instruction.vhd:40]
INFO: [Synth 8-256] done synthesizing module 'Memoire_Instruction' (1#1) [/home/clrousse/4IR/Processeur/Processeur.srcs/sources_1/new/Memoire_Instruction.vhd:40]
WARNING: [Synth 8-3331] design Memoire_Instruction has unconnected port CLK
---------------------------------------------------------------------------------
Finished RTL Elaboration : Time (s): cpu = 00:00:02 ; elapsed = 00:00:03 . Memory (MB): peak = 1299.891 ; gain = 128.324 ; free physical = 58673 ; free virtual = 70105
---------------------------------------------------------------------------------

Report Check Netlist: 
+------+------------------+-------+---------+-------+------------------+
|      |Item              |Errors |Warnings |Status |Description       |
+------+------------------+-------+---------+-------+------------------+
|1     |multi_driven_nets |      0|        0|Passed |Multi driven nets |
+------+------------------+-------+---------+-------+------------------+
---------------------------------------------------------------------------------
Start Handling Custom Attributes
---------------------------------------------------------------------------------
---------------------------------------------------------------------------------
Finished Handling Custom Attributes : Time (s): cpu = 00:00:02 ; elapsed = 00:00:03 . Memory (MB): peak = 1299.891 ; gain = 128.324 ; free physical = 58675 ; free virtual = 70107
---------------------------------------------------------------------------------
---------------------------------------------------------------------------------
Finished RTL Optimization Phase 1 : Time (s): cpu = 00:00:02 ; elapsed = 00:00:03 . Memory (MB): peak = 1299.891 ; gain = 128.324 ; free physical = 58675 ; free virtual = 70107
---------------------------------------------------------------------------------
INFO: [Device 21-403] Loading part xc7a35tcpg236-1
INFO: [Project 1-570] Preparing netlist for logic optimization

Processing XDC Constraints
Initializing timing engine
Parsing XDC File [/home/clrousse/4IR/ArchiMat/compteur/compteur.srcs/constrs_1/new/Compteur_8bits.xdc]
WARNING: [Vivado 12-584] No ports matched 'Clock'. [/home/clrousse/4IR/ArchiMat/compteur/compteur.srcs/constrs_1/new/Compteur_8bits.xdc:1]
CRITICAL WARNING: [Vivado 12-4739] create_clock:No valid object(s) found for '-objects [get_ports Clock]'. [/home/clrousse/4IR/ArchiMat/compteur/compteur.srcs/constrs_1/new/Compteur_8bits.xdc:1]
Resolution: Check if the specified object(s) exists in the current design. If it does, ensure that the correct design hierarchy was specified for the object. If you are working with clocks, make sure create_clock was used to create the clock object before it is referenced.
Finished Parsing XDC File [/home/clrousse/4IR/ArchiMat/compteur/compteur.srcs/constrs_1/new/Compteur_8bits.xdc]
Parsing XDC File [/home/clrousse/4IR/ArchiMat/compteur/compteur.srcs/constrs_1/new/Pin_Compteur.xdc]
WARNING: [Vivado 12-507] No nets matched 'Clock'. [/home/clrousse/4IR/ArchiMat/compteur/compteur.srcs/constrs_1/new/Pin_Compteur.xdc:9]
CRITICAL WARNING: [Common 17-55] 'set_property' expects at least one object. [/home/clrousse/4IR/ArchiMat/compteur/compteur.srcs/constrs_1/new/Pin_Compteur.xdc:9]
Resolution: If [get_<value>] was used to populate the object, check to make sure this command returns at least one valid object.
WARNING: [Vivado 12-584] No ports matched 'Clock'. [/home/clrousse/4IR/ArchiMat/compteur/compteur.srcs/constrs_1/new/Pin_Compteur.xdc:10]
CRITICAL WARNING: [Common 17-55] 'set_property' expects at least one object. [/home/clrousse/4IR/ArchiMat/compteur/compteur.srcs/constrs_1/new/Pin_Compteur.xdc:10]
Resolution: If [get_<value>] was used to populate the object, check to make sure this command returns at least one valid object.
WARNING: [Vivado 12-584] No ports matched 'Load'. [/home/clrousse/4IR/ArchiMat/compteur/compteur.srcs/constrs_1/new/Pin_Compteur.xdc:15]
CRITICAL WARNING: [Common 17-55] 'set_property' expects at least one object. [/home/clrousse/4IR/ArchiMat/compteur/compteur.srcs/constrs_1/new/Pin_Compteur.xdc:15]
Resolution: If [get_<value>] was used to populate the object, check to make sure this command returns at least one valid object.
WARNING: [Vivado 12-584] No ports matched 'Enable'. [/home/clrousse/4IR/ArchiMat/compteur/compteur.srcs/constrs_1/new/Pin_Compteur.xdc:16]
CRITICAL WARNING: [Common 17-55] 'set_property' expects at least one object. [/home/clrousse/4IR/ArchiMat/compteur/compteur.srcs/constrs_1/new/Pin_Compteur.xdc:16]
Resolution: If [get_<value>] was used to populate the object, check to make sure this command returns at least one valid object.
WARNING: [Vivado 12-584] No ports matched 'Rst'. [/home/clrousse/4IR/ArchiMat/compteur/compteur.srcs/constrs_1/new/Pin_Compteur.xdc:17]
CRITICAL WARNING: [Common 17-55] 'set_property' expects at least one object. [/home/clrousse/4IR/ArchiMat/compteur/compteur.srcs/constrs_1/new/Pin_Compteur.xdc:17]
Resolution: If [get_<value>] was used to populate the object, check to make sure this command returns at least one valid object.
WARNING: [Vivado 12-584] No ports matched 'Sens'. [/home/clrousse/4IR/ArchiMat/compteur/compteur.srcs/constrs_1/new/Pin_Compteur.xdc:18]
CRITICAL WARNING: [Common 17-55] 'set_property' expects at least one object. [/home/clrousse/4IR/ArchiMat/compteur/compteur.srcs/constrs_1/new/Pin_Compteur.xdc:18]
Resolution: If [get_<value>] was used to populate the object, check to make sure this command returns at least one valid object.
WARNING: [Vivado 12-584] No ports matched 'D_in[0]'. [/home/clrousse/4IR/ArchiMat/compteur/compteur.srcs/constrs_1/new/Pin_Compteur.xdc:20]
CRITICAL WARNING: [Common 17-55] 'set_property' expects at least one object. [/home/clrousse/4IR/ArchiMat/compteur/compteur.srcs/constrs_1/new/Pin_Compteur.xdc:20]
Resolution: If [get_<value>] was used to populate the object, check to make sure this command returns at least one valid object.
WARNING: [Vivado 12-584] No ports matched 'D_in[1]'. [/home/clrousse/4IR/ArchiMat/compteur/compteur.srcs/constrs_1/new/Pin_Compteur.xdc:21]
CRITICAL WARNING: [Common 17-55] 'set_property' expects at least one object. [/home/clrousse/4IR/ArchiMat/compteur/compteur.srcs/constrs_1/new/Pin_Compteur.xdc:21]
Resolution: If [get_<value>] was used to populate the object, check to make sure this command returns at least one valid object.
WARNING: [Vivado 12-584] No ports matched 'D_in[2]'. [/home/clrousse/4IR/ArchiMat/compteur/compteur.srcs/constrs_1/new/Pin_Compteur.xdc:22]
CRITICAL WARNING: [Common 17-55] 'set_property' expects at least one object. [/home/clrousse/4IR/ArchiMat/compteur/compteur.srcs/constrs_1/new/Pin_Compteur.xdc:22]
Resolution: If [get_<value>] was used to populate the object, check to make sure this command returns at least one valid object.
WARNING: [Vivado 12-584] No ports matched 'D_in[3]'. [/home/clrousse/4IR/ArchiMat/compteur/compteur.srcs/constrs_1/new/Pin_Compteur.xdc:23]
CRITICAL WARNING: [Common 17-55] 'set_property' expects at least one object. [/home/clrousse/4IR/ArchiMat/compteur/compteur.srcs/constrs_1/new/Pin_Compteur.xdc:23]
Resolution: If [get_<value>] was used to populate the object, check to make sure this command returns at least one valid object.
WARNING: [Vivado 12-584] No ports matched 'D_in[4]'. [/home/clrousse/4IR/ArchiMat/compteur/compteur.srcs/constrs_1/new/Pin_Compteur.xdc:24]
CRITICAL WARNING: [Common 17-55] 'set_property' expects at least one object. [/home/clrousse/4IR/ArchiMat/compteur/compteur.srcs/constrs_1/new/Pin_Compteur.xdc:24]
Resolution: If [get_<value>] was used to populate the object, check to make sure this command returns at least one valid object.
WARNING: [Vivado 12-584] No ports matched 'D_in[5]'. [/home/clrousse/4IR/ArchiMat/compteur/compteur.srcs/constrs_1/new/Pin_Compteur.xdc:25]
CRITICAL WARNING: [Common 17-55] 'set_property' expects at least one object. [/home/clrousse/4IR/ArchiMat/compteur/compteur.srcs/constrs_1/new/Pin_Compteur.xdc:25]
Resolution: If [get_<value>] was used to populate the object, check to make sure this command returns at least one valid object.
WARNING: [Vivado 12-584] No ports matched 'D_in[6]'. [/home/clrousse/4IR/ArchiMat/compteur/compteur.srcs/constrs_1/new/Pin_Compteur.xdc:26]
CRITICAL WARNING: [Common 17-55] 'set_property' expects at least one object. [/home/clrousse/4IR/ArchiMat/compteur/compteur.srcs/constrs_1/new/Pin_Compteur.xdc:26]
Resolution: If [get_<value>] was used to populate the object, check to make sure this command returns at least one valid object.
WARNING: [Vivado 12-584] No ports matched 'D_in[7]'. [/home/clrousse/4IR/ArchiMat/compteur/compteur.srcs/constrs_1/new/Pin_Compteur.xdc:27]
CRITICAL WARNING: [Common 17-55] 'set_property' expects at least one object. [/home/clrousse/4IR/ArchiMat/compteur/compteur.srcs/constrs_1/new/Pin_Compteur.xdc:27]
Resolution: If [get_<value>] was used to populate the object, check to make sure this command returns at least one valid object.
WARNING: [Vivado 12-584] No ports matched 'D_out[0]'. [/home/clrousse/4IR/ArchiMat/compteur/compteur.srcs/constrs_1/new/Pin_Compteur.xdc:29]
CRITICAL WARNING: [Common 17-55] 'set_property' expects at least one object. [/home/clrousse/4IR/ArchiMat/compteur/compteur.srcs/constrs_1/new/Pin_Compteur.xdc:29]
Resolution: If [get_<value>] was used to populate the object, check to make sure this command returns at least one valid object.
WARNING: [Vivado 12-584] No ports matched 'D_out[1]'. [/home/clrousse/4IR/ArchiMat/compteur/compteur.srcs/constrs_1/new/Pin_Compteur.xdc:30]
CRITICAL WARNING: [Common 17-55] 'set_property' expects at least one object. [/home/clrousse/4IR/ArchiMat/compteur/compteur.srcs/constrs_1/new/Pin_Compteur.xdc:30]
Resolution: If [get_<value>] was used to populate the object, check to make sure this command returns at least one valid object.
WARNING: [Vivado 12-584] No ports matched 'D_out[2]'. [/home/clrousse/4IR/ArchiMat/compteur/compteur.srcs/constrs_1/new/Pin_Compteur.xdc:31]
CRITICAL WARNING: [Common 17-55] 'set_property' expects at least one object. [/home/clrousse/4IR/ArchiMat/compteur/compteur.srcs/constrs_1/new/Pin_Compteur.xdc:31]
Resolution: If [get_<value>] was used to populate the object, check to make sure this command returns at least one valid object.
WARNING: [Vivado 12-584] No ports matched 'D_out[3]'. [/home/clrousse/4IR/ArchiMat/compteur/compteur.srcs/constrs_1/new/Pin_Compteur.xdc:32]
CRITICAL WARNING: [Common 17-55] 'set_property' expects at least one object. [/home/clrousse/4IR/ArchiMat/compteur/compteur.srcs/constrs_1/new/Pin_Compteur.xdc:32]
Resolution: If [get_<value>] was used to populate the object, check to make sure this command returns at least one valid object.
WARNING: [Vivado 12-584] No ports matched 'D_out[4]'. [/home/clrousse/4IR/ArchiMat/compteur/compteur.srcs/constrs_1/new/Pin_Compteur.xdc:33]
CRITICAL WARNING: [Common 17-55] 'set_property' expects at least one object. [/home/clrousse/4IR/ArchiMat/compteur/compteur.srcs/constrs_1/new/Pin_Compteur.xdc:33]
Resolution: If [get_<value>] was used to populate the object, check to make sure this command returns at least one valid object.
WARNING: [Vivado 12-584] No ports matched 'D_out[5]'. [/home/clrousse/4IR/ArchiMat/compteur/compteur.srcs/constrs_1/new/Pin_Compteur.xdc:34]
CRITICAL WARNING: [Common 17-55] 'set_property' expects at least one object. [/home/clrousse/4IR/ArchiMat/compteur/compteur.srcs/constrs_1/new/Pin_Compteur.xdc:34]
Resolution: If [get_<value>] was used to populate the object, check to make sure this command returns at least one valid object.
WARNING: [Vivado 12-584] No ports matched 'D_out[6]'. [/home/clrousse/4IR/ArchiMat/compteur/compteur.srcs/constrs_1/new/Pin_Compteur.xdc:35]
CRITICAL WARNING: [Common 17-55] 'set_property' expects at least one object. [/home/clrousse/4IR/ArchiMat/compteur/compteur.srcs/constrs_1/new/Pin_Compteur.xdc:35]
Resolution: If [get_<value>] was used to populate the object, check to make sure this command returns at least one valid object.
WARNING: [Vivado 12-584] No ports matched 'D_out[7]'. [/home/clrousse/4IR/ArchiMat/compteur/compteur.srcs/constrs_1/new/Pin_Compteur.xdc:36]
CRITICAL WARNING: [Common 17-55] 'set_property' expects at least one object. [/home/clrousse/4IR/ArchiMat/compteur/compteur.srcs/constrs_1/new/Pin_Compteur.xdc:36]
Resolution: If [get_<value>] was used to populate the object, check to make sure this command returns at least one valid object.
Finished Parsing XDC File [/home/clrousse/4IR/ArchiMat/compteur/compteur.srcs/constrs_1/new/Pin_Compteur.xdc]
Parsing XDC File [/home/clrousse/4IR/Processeur/Processeur.srcs/constrs_1/new/Memoire_Instruction.xdc]
WARNING: [Vivado 12-584] No ports matched 'Clock'. [/home/clrousse/4IR/Processeur/Processeur.srcs/constrs_1/new/Memoire_Instruction.xdc:1]
CRITICAL WARNING: [Vivado 12-4739] create_clock:No valid object(s) found for '-objects [get_ports Clock]'. [/home/clrousse/4IR/Processeur/Processeur.srcs/constrs_1/new/Memoire_Instruction.xdc:1]
Resolution: Check if the specified object(s) exists in the current design. If it does, ensure that the correct design hierarchy was specified for the object. If you are working with clocks, make sure create_clock was used to create the clock object before it is referenced.
Finished Parsing XDC File [/home/clrousse/4IR/Processeur/Processeur.srcs/constrs_1/new/Memoire_Instruction.xdc]
Completed Processing XDC Constraints

INFO: [Project 1-111] Unisim Transformation Summary:
No Unisim elements were transformed.

WARNING: [Constraints 18-5210] No constraint will be written out.
Constraint Validation Runtime : Time (s): cpu = 00:00:00.04 ; elapsed = 00:00:00.08 . Memory (MB): peak = 1564.773 ; gain = 0.000 ; free physical = 58399 ; free virtual = 69855
---------------------------------------------------------------------------------
Finished Constraint Validation : Time (s): cpu = 00:00:09 ; elapsed = 00:00:20 . Memory (MB): peak = 1564.773 ; gain = 393.207 ; free physical = 58464 ; free virtual = 69920
---------------------------------------------------------------------------------
---------------------------------------------------------------------------------
Start Loading Part and Timing Information
---------------------------------------------------------------------------------
Loading part: xc7a35tcpg236-1
---------------------------------------------------------------------------------
Finished Loading Part and Timing Information : Time (s): cpu = 00:00:09 ; elapsed = 00:00:20 . Memory (MB): peak = 1564.773 ; gain = 393.207 ; free physical = 58464 ; free virtual = 69920
---------------------------------------------------------------------------------
---------------------------------------------------------------------------------
Start Applying 'set_property' XDC Constraints
---------------------------------------------------------------------------------
---------------------------------------------------------------------------------
Finished applying 'set_property' XDC Constraints : Time (s): cpu = 00:00:09 ; elapsed = 00:00:20 . Memory (MB): peak = 1564.773 ; gain = 393.207 ; free physical = 58466 ; free virtual = 69922
---------------------------------------------------------------------------------
---------------------------------------------------------------------------------
Finished RTL Optimization Phase 2 : Time (s): cpu = 00:00:09 ; elapsed = 00:00:20 . Memory (MB): peak = 1564.773 ; gain = 393.207 ; free physical = 58465 ; free virtual = 69922
---------------------------------------------------------------------------------

Report RTL Partitions: 
+-+--------------+------------+----------+
| |RTL Partition |Replication |Instances |
+-+--------------+------------+----------+
+-+--------------+------------+----------+
---------------------------------------------------------------------------------
Start RTL Component Statistics 
---------------------------------------------------------------------------------
Detailed RTL Component Info : 
---------------------------------------------------------------------------------
Finished RTL Component Statistics 
---------------------------------------------------------------------------------
---------------------------------------------------------------------------------
Start RTL Hierarchical Component Statistics 
---------------------------------------------------------------------------------
Hierarchical RTL Component report 
---------------------------------------------------------------------------------
Finished RTL Hierarchical Component Statistics
---------------------------------------------------------------------------------
---------------------------------------------------------------------------------
Start Part Resource Summary
---------------------------------------------------------------------------------
Part Resources:
DSPs: 90 (col length:60)
BRAMs: 100 (col length: RAMB18 60 RAMB36 30)
---------------------------------------------------------------------------------
Finished Part Resource Summary
---------------------------------------------------------------------------------
---------------------------------------------------------------------------------
Start Cross Boundary and Area Optimization
---------------------------------------------------------------------------------
Warning: Parallel synthesis criteria is not met 
INFO: [Synth 8-5546] ROM "p_0_out" won't be mapped to RAM because it is too sparse
WARNING: [Synth 8-3917] design Memoire_Instruction has port Sortie[31] driven by constant 0
WARNING: [Synth 8-3917] design Memoire_Instruction has port Sortie[30] driven by constant 0
WARNING: [Synth 8-3917] design Memoire_Instruction has port Sortie[29] driven by constant 0
WARNING: [Synth 8-3917] design Memoire_Instruction has port Sortie[28] driven by constant 0
WARNING: [Synth 8-3917] design Memoire_Instruction has port Sortie[27] driven by constant 0
WARNING: [Synth 8-3917] design Memoire_Instruction has port Sortie[26] driven by constant 0
WARNING: [Synth 8-3917] design Memoire_Instruction has port Sortie[25] driven by constant 0
WARNING: [Synth 8-3917] design Memoire_Instruction has port Sortie[24] driven by constant 0
WARNING: [Synth 8-3917] design Memoire_Instruction has port Sortie[23] driven by constant 0
WARNING: [Synth 8-3917] design Memoire_Instruction has port Sortie[22] driven by constant 0
WARNING: [Synth 8-3917] design Memoire_Instruction has port Sortie[19] driven by constant 0
WARNING: [Synth 8-3917] design Memoire_Instruction has port Sortie[18] driven by constant 0
WARNING: [Synth 8-3917] design Memoire_Instruction has port Sortie[15] driven by constant 0
WARNING: [Synth 8-3917] design Memoire_Instruction has port Sortie[14] driven by constant 0
WARNING: [Synth 8-3917] design Memoire_Instruction has port Sortie[11] driven by constant 0
WARNING: [Synth 8-3917] design Memoire_Instruction has port Sortie[10] driven by constant 0
WARNING: [Synth 8-3917] design Memoire_Instruction has port Sortie[7] driven by constant 0
WARNING: [Synth 8-3917] design Memoire_Instruction has port Sortie[6] driven by constant 0
WARNING: [Synth 8-3917] design Memoire_Instruction has port Sortie[3] driven by constant 0
WARNING: [Synth 8-3917] design Memoire_Instruction has port Sortie[2] driven by constant 0
WARNING: [Synth 8-3331] design Memoire_Instruction has unconnected port CLK
---------------------------------------------------------------------------------
Finished Cross Boundary and Area Optimization : Time (s): cpu = 00:00:09 ; elapsed = 00:00:21 . Memory (MB): peak = 1564.773 ; gain = 393.207 ; free physical = 58443 ; free virtual = 69903
---------------------------------------------------------------------------------
---------------------------------------------------------------------------------
Start ROM, RAM, DSP and Shift Register Reporting
---------------------------------------------------------------------------------

ROM:
+--------------------+------------+---------------+----------------+
|Module Name         | RTL Object | Depth x Width | Implemented As | 
+--------------------+------------+---------------+----------------+
|Memoire_Instruction | p_0_out    | 256x32        | LUT            | 
+--------------------+------------+---------------+----------------+

---------------------------------------------------------------------------------
Finished ROM, RAM, DSP and Shift Register Reporting
---------------------------------------------------------------------------------

Report RTL Partitions: 
+-+--------------+------------+----------+
| |RTL Partition |Replication |Instances |
+-+--------------+------------+----------+
+-+--------------+------------+----------+
---------------------------------------------------------------------------------
Start Applying XDC Timing Constraints
---------------------------------------------------------------------------------
---------------------------------------------------------------------------------
Finished Applying XDC Timing Constraints : Time (s): cpu = 00:00:14 ; elapsed = 00:00:27 . Memory (MB): peak = 1591.773 ; gain = 420.207 ; free physical = 58311 ; free virtual = 69777
---------------------------------------------------------------------------------
---------------------------------------------------------------------------------
Start Timing Optimization
---------------------------------------------------------------------------------
---------------------------------------------------------------------------------
Finished Timing Optimization : Time (s): cpu = 00:00:14 ; elapsed = 00:00:27 . Memory (MB): peak = 1592.773 ; gain = 421.207 ; free physical = 58311 ; free virtual = 69777
---------------------------------------------------------------------------------

Report RTL Partitions: 
+-+--------------+------------+----------+
| |RTL Partition |Replication |Instances |
+-+--------------+------------+----------+
+-+--------------+------------+----------+
---------------------------------------------------------------------------------
Start Technology Mapping
---------------------------------------------------------------------------------
---------------------------------------------------------------------------------
Finished Technology Mapping : Time (s): cpu = 00:00:14 ; elapsed = 00:00:27 . Memory (MB): peak = 1592.773 ; gain = 421.207 ; free physical = 58311 ; free virtual = 69777
---------------------------------------------------------------------------------

Report RTL Partitions: 
+-+--------------+------------+----------+
| |RTL Partition |Replication |Instances |
+-+--------------+------------+----------+
+-+--------------+------------+----------+
---------------------------------------------------------------------------------
Start IO Insertion
---------------------------------------------------------------------------------
---------------------------------------------------------------------------------
Start Flattening Before IO Insertion
---------------------------------------------------------------------------------
---------------------------------------------------------------------------------
Finished Flattening Before IO Insertion
---------------------------------------------------------------------------------
---------------------------------------------------------------------------------
Start Final Netlist Cleanup
---------------------------------------------------------------------------------
---------------------------------------------------------------------------------
Finished Final Netlist Cleanup
---------------------------------------------------------------------------------
---------------------------------------------------------------------------------
Finished IO Insertion : Time (s): cpu = 00:00:14 ; elapsed = 00:00:28 . Memory (MB): peak = 1592.773 ; gain = 421.207 ; free physical = 58311 ; free virtual = 69777
---------------------------------------------------------------------------------

Report Check Netlist: 
+------+------------------+-------+---------+-------+------------------+
|      |Item              |Errors |Warnings |Status |Description       |
+------+------------------+-------+---------+-------+------------------+
|1     |multi_driven_nets |      0|        0|Passed |Multi driven nets |
+------+------------------+-------+---------+-------+------------------+
---------------------------------------------------------------------------------
Start Renaming Generated Instances
---------------------------------------------------------------------------------
---------------------------------------------------------------------------------
Finished Renaming Generated Instances : Time (s): cpu = 00:00:14 ; elapsed = 00:00:28 . Memory (MB): peak = 1592.773 ; gain = 421.207 ; free physical = 58311 ; free virtual = 69777
---------------------------------------------------------------------------------

Report RTL Partitions: 
+-+--------------+------------+----------+
| |RTL Partition |Replication |Instances |
+-+--------------+------------+----------+
+-+--------------+------------+----------+
---------------------------------------------------------------------------------
Start Rebuilding User Hierarchy
---------------------------------------------------------------------------------
---------------------------------------------------------------------------------
Finished Rebuilding User Hierarchy : Time (s): cpu = 00:00:14 ; elapsed = 00:00:28 . Memory (MB): peak = 1592.773 ; gain = 421.207 ; free physical = 58311 ; free virtual = 69777
---------------------------------------------------------------------------------
---------------------------------------------------------------------------------
Start Renaming Generated Ports
---------------------------------------------------------------------------------
---------------------------------------------------------------------------------
Finished Renaming Generated Ports : Time (s): cpu = 00:00:14 ; elapsed = 00:00:28 . Memory (MB): peak = 1592.773 ; gain = 421.207 ; free physical = 58311 ; free virtual = 69777
---------------------------------------------------------------------------------
---------------------------------------------------------------------------------
Start Handling Custom Attributes
---------------------------------------------------------------------------------
---------------------------------------------------------------------------------
Finished Handling Custom Attributes : Time (s): cpu = 00:00:14 ; elapsed = 00:00:28 . Memory (MB): peak = 1592.773 ; gain = 421.207 ; free physical = 58311 ; free virtual = 69777
---------------------------------------------------------------------------------
---------------------------------------------------------------------------------
Start Renaming Generated Nets
---------------------------------------------------------------------------------
---------------------------------------------------------------------------------
Finished Renaming Generated Nets : Time (s): cpu = 00:00:14 ; elapsed = 00:00:28 . Memory (MB): peak = 1592.773 ; gain = 421.207 ; free physical = 58311 ; free virtual = 69777
---------------------------------------------------------------------------------
---------------------------------------------------------------------------------
Start Writing Synthesis Report
---------------------------------------------------------------------------------

Report BlackBoxes: 
+-+--------------+----------+
| |BlackBox name |Instances |
+-+--------------+----------+
+-+--------------+----------+

Report Cell Usage: 
+------+-----+------+
|      |Cell |Count |
+------+-----+------+
|1     |LUT2 |     2|
|2     |LUT3 |     3|
|3     |LUT6 |     1|
|4     |IBUF |     8|
|5     |OBUF |    32|
+------+-----+------+

Report Instance Areas: 
+------+---------+-------+------+
|      |Instance |Module |Cells |
+------+---------+-------+------+
|1     |top      |       |    46|
+------+---------+-------+------+
---------------------------------------------------------------------------------
Finished Writing Synthesis Report : Time (s): cpu = 00:00:14 ; elapsed = 00:00:28 . Memory (MB): peak = 1592.773 ; gain = 421.207 ; free physical = 58311 ; free virtual = 69777
---------------------------------------------------------------------------------
Synthesis finished with 0 errors, 0 critical warnings and 21 warnings.
Synthesis Optimization Runtime : Time (s): cpu = 00:00:08 ; elapsed = 00:00:12 . Memory (MB): peak = 1592.773 ; gain = 156.324 ; free physical = 58359 ; free virtual = 69826
Synthesis Optimization Complete : Time (s): cpu = 00:00:14 ; elapsed = 00:00:28 . Memory (MB): peak = 1592.781 ; gain = 421.207 ; free physical = 58375 ; free virtual = 69841
INFO: [Project 1-571] Translating synthesized netlist
INFO: [Netlist 29-17] Analyzing 8 Unisim elements for replacement
INFO: [Netlist 29-28] Unisim Transformation completed in 0 CPU seconds
INFO: [Project 1-570] Preparing netlist for logic optimization
INFO: [Opt 31-138] Pushed 0 inverter(s) to 0 load pin(s).
INFO: [Project 1-111] Unisim Transformation Summary:
No Unisim elements were transformed.

INFO: [Common 17-83] Releasing license: Synthesis
14 Infos, 47 Warnings, 24 Critical Warnings and 0 Errors encountered.
synth_design completed successfully
synth_design: Time (s): cpu = 00:00:15 ; elapsed = 00:00:29 . Memory (MB): peak = 1638.789 ; gain = 478.977 ; free physical = 58347 ; free virtual = 69825
WARNING: [Constraints 18-5210] No constraint will be written out.
INFO: [Common 17-1381] The checkpoint '/home/clrousse/4IR/Processeur/Processeur.runs/synth_1/Memoire_Instruction.dcp' has been generated.
INFO: [runtcl-4] Executing : report_utilization -file Memoire_Instruction_utilization_synth.rpt -pb Memoire_Instruction_utilization_synth.pb
report_utilization: Time (s): cpu = 00:00:00.08 ; elapsed = 00:00:00.11 . Memory (MB): peak = 1662.801 ; gain = 0.000 ; free physical = 58337 ; free virtual = 69816
INFO: [Common 17-206] Exiting Vivado at Mon May 15 13:36:57 2023...
