INFO: [VRFC 10-163] Analyzing VHDL file "/home/clrousse/4IR/Processeur/Processeur.srcs/sources_1/new/Memoire_Instruction.vhd" into library xil_defaultlib
INFO: [VRFC 10-307] analyzing entity Memoire_Instruction
INFO: [VRFC 10-163] Analyzing VHDL file "/home/clrousse/4IR/Processeur/Processeur.srcs/sim_1/new/Test_Memoire_Instruction.vhd" into library xil_defaultlib
INFO: [VRFC 10-307] analyzing entity Test_Memoire_Instruction
INFO: [VRFC 10-163] Analyzing VHDL file "/home/clrousse/4IR/Processeur/Processeur.srcs/sources_1/new/Memoire_Instruction.vhd" into library xil_defaultlib
INFO: [VRFC 10-307] analyzing entity Memoire_Instruction
INFO: [VRFC 10-163] Analyzing VHDL file "/home/clrousse/4IR/Processeur/Processeur.srcs/sim_1/new/Test_Memoire_Instruction.vhd" into library xil_defaultlib
INFO: [VRFC 10-307] analyzing entity Test_Memoire_Instruction
INFO: [VRFC 10-163] Analyzing VHDL file "/home/clrousse/4IR/Processeur/Processeur.srcs/sources_1/new/BR.vhd" into library xil_defaultlib
INFO: [VRFC 10-307] analyzing entity BR
INFO: [VRFC 10-163] Analyzing VHDL file "/home/clrousse/4IR/Processeur/Processeur.srcs/sim_1/new/Test_BR.vhd" into library xil_defaultlib
INFO: [VRFC 10-307] analyzing entity Test_BR
INFO: [VRFC 10-163] Analyzing VHDL file "/home/clrousse/4IR/Processeur/Processeur.srcs/sim_1/new/Test_BR.vhd" into library xil_defaultlib
INFO: [VRFC 10-307] analyzing entity Test_BR
INFO: [VRFC 10-163] Analyzing VHDL file "/home/clrousse/4IR/Processeur/Processeur.srcs/sources_1/new/BR.vhd" into library xil_defaultlib
INFO: [VRFC 10-307] analyzing entity BR
INFO: [VRFC 10-163] Analyzing VHDL file "/home/clrousse/4IR/Processeur/Processeur.srcs/sim_1/new/Test_BR.vhd" into library xil_defaultlib
INFO: [VRFC 10-307] analyzing entity Test_BR
INFO: [VRFC 10-163] Analyzing VHDL file "/home/clrousse/4IR/Processeur/Processeur.srcs/sim_1/new/Test_BR.vhd" into library xil_defaultlib
INFO: [VRFC 10-307] analyzing entity Test_BR
INFO: [VRFC 10-163] Analyzing VHDL file "/home/clrousse/4IR/Processeur/Processeur.srcs/sources_1/new/BR.vhd" into library xil_defaultlib
INFO: [VRFC 10-307] analyzing entity BR
INFO: [VRFC 10-163] Analyzing VHDL file "/home/clrousse/4IR/Processeur/Processeur.srcs/sources_1/new/BR.vhd" into library xil_defaultlib
INFO: [VRFC 10-307] analyzing entity BR
INFO: [VRFC 10-163] Analyzing VHDL file "/home/clrousse/4IR/Processeur/Processeur.srcs/sim_1/new/Test_BR.vhd" into library xil_defaultlib
INFO: [VRFC 10-307] analyzing entity Test_BR
INFO: [VRFC 10-163] Analyzing VHDL file "/home/clrousse/4IR/Processeur/Processeur.srcs/sim_1/new/Test_BR.vhd" into library xil_defaultlib
INFO: [VRFC 10-307] analyzing entity Test_BR
INFO: [VRFC 10-163] Analyzing VHDL file "/home/clrousse/4IR/Processeur/Processeur.srcs/sim_1/new/Test_BR.vhd" into library xil_defaultlib
INFO: [VRFC 10-307] analyzing entity Test_BR
INFO: [VRFC 10-163] Analyzing VHDL file "/home/clrousse/4IR/Processeur/Processeur.srcs/sources_1/new/BR.vhd" into library xil_defaultlib
INFO: [VRFC 10-307] analyzing entity BR
INFO: [VRFC 10-163] Analyzing VHDL file "/home/clrousse/4IR/Processeur/Processeur.srcs/sim_1/new/Test_Memoire_Instruction.vhd" into library xil_defaultlib
INFO: [VRFC 10-307] analyzing entity Test_Memoire_Instruction
INFO: [VRFC 10-163] Analyzing VHDL file "/home/clrousse/4IR/Processeur/Processeur.srcs/sources_1/new/Memoire_Donnee.vhd" into library xil_defaultlib
INFO: [VRFC 10-307] analyzing entity Memoire_Donnee
INFO: [VRFC 10-163] Analyzing VHDL file "/home/clrousse/4IR/Processeur/Processeur.srcs/sim_1/new/Test_Memoire_Donnee.vhd" into library xil_defaultlib
INFO: [VRFC 10-307] analyzing entity Test_Memoire_Donnee
INFO: [VRFC 10-163] Analyzing VHDL file "/home/clrousse/4IR/Processeur/Processeur.srcs/sim_1/new/Test_Memoire_Donnee.vhd" into library xil_defaultlib
INFO: [VRFC 10-307] analyzing entity Test_Memoire_Donnee
INFO: [VRFC 10-163] Analyzing VHDL file "/home/clrousse/4IR/Processeur/Processeur.srcs/sources_1/new/UAL.vhd" into library xil_defaultlib
INFO: [VRFC 10-307] analyzing entity UAL
INFO: [VRFC 10-163] Analyzing VHDL file "/home/clrousse/4IR/Processeur/Processeur.srcs/sim_1/new/Test_UAL.vhd" into library xil_defaultlib
INFO: [VRFC 10-307] analyzing entity Test_UAL
INFO: [VRFC 10-163] Analyzing VHDL file "/home/clrousse/4IR/Processeur/Processeur.srcs/sources_1/new/UAL.vhd" into library xil_defaultlib
INFO: [VRFC 10-307] analyzing entity UAL
INFO: [VRFC 10-163] Analyzing VHDL file "/home/clrousse/4IR/Processeur/Processeur.srcs/sim_1/new/Test_UAL.vhd" into library xil_defaultlib
INFO: [VRFC 10-307] analyzing entity Test_UAL
INFO: [VRFC 10-163] Analyzing VHDL file "/home/clrousse/4IR/Processeur/Processeur.srcs/sim_1/new/Test_UAL.vhd" into library xil_defaultlib
INFO: [VRFC 10-307] analyzing entity Test_UAL
INFO: [VRFC 10-163] Analyzing VHDL file "/home/clrousse/4IR/Processeur/Processeur.srcs/sources_1/new/UAL.vhd" into library xil_defaultlib
INFO: [VRFC 10-307] analyzing entity UAL
INFO: [VRFC 10-163] Analyzing VHDL file "/home/clrousse/4IR/Processeur/Processeur.srcs/sources_1/new/UAL.vhd" into library xil_defaultlib
INFO: [VRFC 10-307] analyzing entity UAL
INFO: [VRFC 10-163] Analyzing VHDL file "/home/clrousse/4IR/Processeur/Processeur.srcs/sim_1/new/Test_UAL.vhd" into library xil_defaultlib
INFO: [VRFC 10-307] analyzing entity Test_UAL
INFO: [VRFC 10-163] Analyzing VHDL file "/home/clrousse/4IR/Processeur/Processeur.srcs/sim_1/new/Test_UAL.vhd" into library xil_defaultlib
INFO: [VRFC 10-307] analyzing entity Test_UAL
INFO: [VRFC 10-163] Analyzing VHDL file "/home/clrousse/4IR/Processeur/Processeur.srcs/sources_1/new/UAL.vhd" into library xil_defaultlib
INFO: [VRFC 10-307] analyzing entity UAL
INFO: [VRFC 10-163] Analyzing VHDL file "/home/clrousse/4IR/Processeur/Processeur.srcs/sources_1/new/UAL.vhd" into library xil_defaultlib
INFO: [VRFC 10-307] analyzing entity UAL
INFO: [VRFC 10-163] Analyzing VHDL file "/home/clrousse/4IR/Processeur/Processeur.srcs/sources_1/new/UAL.vhd" into library xil_defaultlib
INFO: [VRFC 10-307] analyzing entity UAL
INFO: [VRFC 10-163] Analyzing VHDL file "/home/clrousse/4IR/Processeur/Processeur.srcs/sim_1/new/Test_UAL.vhd" into library xil_defaultlib
INFO: [VRFC 10-307] analyzing entity Test_UAL
INFO: [VRFC 10-163] Analyzing VHDL file "/home/clrousse/4IR/Processeur/Processeur.srcs/sources_1/new/UAL.vhd" into library xil_defaultlib
INFO: [VRFC 10-307] analyzing entity UAL
INFO: [VRFC 10-163] Analyzing VHDL file "/home/clrousse/4IR/Processeur/Processeur.srcs/sources_1/new/UAL.vhd" into library xil_defaultlib
INFO: [VRFC 10-307] analyzing entity UAL
INFO: [VRFC 10-163] Analyzing VHDL file "/home/clrousse/4IR/Processeur/Processeur.srcs/sources_1/new/BR.vhd" into library xil_defaultlib
INFO: [VRFC 10-307] analyzing entity BR
INFO: [VRFC 10-163] Analyzing VHDL file "/home/clrousse/4IR/Processeur/Processeur.srcs/sources_1/new/CheminDeDonnees.vhd" into library xil_defaultlib
INFO: [VRFC 10-307] analyzing entity CheminDeDonnees
INFO: [VRFC 10-163] Analyzing VHDL file "/home/clrousse/4IR/Processeur/Processeur.srcs/sources_1/new/Memoire_Instruction.vhd" into library xil_defaultlib
INFO: [VRFC 10-307] analyzing entity Memoire_Instruction
INFO: [VRFC 10-163] Analyzing VHDL file "/home/clrousse/4IR/Processeur/Processeur.srcs/sources_1/new/Pipeline.vhd" into library xil_defaultlib
INFO: [VRFC 10-307] analyzing entity Pipeline
INFO: [VRFC 10-163] Analyzing VHDL file "/home/clrousse/4IR/Processeur/Processeur.srcs/sources_1/new/Test_donnee_AFC.vhd" into library xil_defaultlib
INFO: [VRFC 10-307] analyzing entity Test_donnee_AFC
INFO: [VRFC 10-163] Analyzing VHDL file "/home/clrousse/4IR/Processeur/Processeur.srcs/sources_1/new/CheminDeDonnees.vhd" into library xil_defaultlib
INFO: [VRFC 10-307] analyzing entity CheminDeDonnees
INFO: [VRFC 10-163] Analyzing VHDL file "/home/clrousse/4IR/Processeur/Processeur.srcs/sources_1/new/Memoire_Instruction.vhd" into library xil_defaultlib
INFO: [VRFC 10-307] analyzing entity Memoire_Instruction
INFO: [VRFC 10-163] Analyzing VHDL file "/home/clrousse/4IR/Processeur/Processeur.srcs/sources_1/new/CheminDeDonnees.vhd" into library xil_defaultlib
INFO: [VRFC 10-307] analyzing entity CheminDeDonnees
INFO: [VRFC 10-163] Analyzing VHDL file "/home/clrousse/4IR/Processeur/Processeur.srcs/sources_1/new/Pipeline.vhd" into library xil_defaultlib
INFO: [VRFC 10-307] analyzing entity Pipeline
INFO: [VRFC 10-163] Analyzing VHDL file "/home/clrousse/4IR/Processeur/Processeur.srcs/sources_1/new/Test_donnee_AFC.vhd" into library xil_defaultlib
INFO: [VRFC 10-307] analyzing entity Test_donnee_AFC
INFO: [VRFC 10-163] Analyzing VHDL file "/home/clrousse/4IR/Processeur/Processeur.srcs/sources_1/new/Pipeline.vhd" into library xil_defaultlib
INFO: [VRFC 10-307] analyzing entity Pipeline
INFO: [VRFC 10-163] Analyzing VHDL file "/home/clrousse/4IR/Processeur/Processeur.srcs/sources_1/new/CheminDeDonnees.vhd" into library xil_defaultlib
INFO: [VRFC 10-307] analyzing entity CheminDeDonnees
INFO: [VRFC 10-163] Analyzing VHDL file "/home/clrousse/4IR/Processeur/Processeur.srcs/sources_1/new/CheminDeDonnees.vhd" into library xil_defaultlib
INFO: [VRFC 10-307] analyzing entity CheminDeDonnees
INFO: [VRFC 10-163] Analyzing VHDL file "/home/clrousse/4IR/Processeur/Processeur.srcs/sources_1/new/Test_donnee_AFC.vhd" into library xil_defaultlib
INFO: [VRFC 10-307] analyzing entity Test_donnee_AFC
INFO: [VRFC 10-163] Analyzing VHDL file "/home/clrousse/4IR/Processeur/Processeur.srcs/sources_1/new/Test_donnee_AFC.vhd" into library xil_defaultlib
INFO: [VRFC 10-307] analyzing entity Test_donnee_AFC
INFO: [VRFC 10-163] Analyzing VHDL file "/home/clrousse/4IR/Processeur/Processeur.srcs/sources_1/new/Test_donnee_AFC.vhd" into library xil_defaultlib
INFO: [VRFC 10-307] analyzing entity Test_donnee_AFC
INFO: [VRFC 10-163] Analyzing VHDL file "/home/clrousse/4IR/Processeur/Processeur.srcs/sim_1/new/Test_Pipeline.vhd" into library xil_defaultlib
INFO: [VRFC 10-307] analyzing entity Test_Pipeline
INFO: [VRFC 10-163] Analyzing VHDL file "/home/clrousse/4IR/Processeur/Processeur.srcs/sources_1/new/Pipeline.vhd" into library xil_defaultlib
INFO: [VRFC 10-307] analyzing entity Pipeline
INFO: [VRFC 10-163] Analyzing VHDL file "/home/clrousse/4IR/Processeur/Processeur.srcs/sources_1/new/CheminDeDonnees.vhd" into library xil_defaultlib
INFO: [VRFC 10-307] analyzing entity CheminDeDonnees
INFO: [VRFC 10-163] Analyzing VHDL file "/home/clrousse/4IR/Processeur/Processeur.srcs/sources_1/new/CheminDeDonnees.vhd" into library xil_defaultlib
INFO: [VRFC 10-307] analyzing entity CheminDeDonnees
INFO: [VRFC 10-163] Analyzing VHDL file "/home/clrousse/4IR/Processeur/Processeur.srcs/sources_1/new/CheminDeDonnees.vhd" into library xil_defaultlib
INFO: [VRFC 10-307] analyzing entity CheminDeDonnees
INFO: [VRFC 10-163] Analyzing VHDL file "/home/clrousse/4IR/Processeur/Processeur.srcs/sources_1/new/Memoire_Instruction.vhd" into library xil_defaultlib
INFO: [VRFC 10-307] analyzing entity Memoire_Instruction
INFO: [VRFC 10-163] Analyzing VHDL file "/home/clrousse/4IR/Processeur/Processeur.srcs/sources_1/new/Memoire_Instruction.vhd" into library xil_defaultlib
INFO: [VRFC 10-307] analyzing entity Memoire_Instruction
INFO: [VRFC 10-163] Analyzing VHDL file "/home/clrousse/4IR/Processeur/Processeur.srcs/sources_1/new/CheminDeDonnees.vhd" into library xil_defaultlib
INFO: [VRFC 10-307] analyzing entity CheminDeDonnees
INFO: [VRFC 10-163] Analyzing VHDL file "/home/clrousse/4IR/Processeur/Processeur.srcs/sources_1/new/Memoire_Instruction.vhd" into library xil_defaultlib
INFO: [VRFC 10-307] analyzing entity Memoire_Instruction
INFO: [VRFC 10-163] Analyzing VHDL file "/home/clrousse/4IR/Processeur/Processeur.srcs/sources_1/new/CheminDeDonnees.vhd" into library xil_defaultlib
INFO: [VRFC 10-307] analyzing entity CheminDeDonnees
INFO: [VRFC 10-163] Analyzing VHDL file "/home/clrousse/4IR/Processeur/Processeur.srcs/sources_1/new/CheminDeDonnees.vhd" into library xil_defaultlib
INFO: [VRFC 10-307] analyzing entity CheminDeDonnees
INFO: [VRFC 10-163] Analyzing VHDL file "/home/clrousse/4IR/Processeur/Processeur.srcs/sources_1/new/CheminDeDonnees.vhd" into library xil_defaultlib
INFO: [VRFC 10-307] analyzing entity CheminDeDonnees
INFO: [VRFC 10-163] Analyzing VHDL file "/home/clrousse/4IR/Processeur/Processeur.srcs/sources_1/new/CheminDeDonnees.vhd" into library xil_defaultlib
INFO: [VRFC 10-307] analyzing entity CheminDeDonnees
INFO: [VRFC 10-163] Analyzing VHDL file "/home/clrousse/4IR/Processeur/Processeur.srcs/sources_1/new/CheminDeDonnees.vhd" into library xil_defaultlib
INFO: [VRFC 10-307] analyzing entity CheminDeDonnees
INFO: [VRFC 10-163] Analyzing VHDL file "/home/clrousse/4IR/Processeur/Processeur.srcs/sources_1/new/UAL.vhd" into library xil_defaultlib
INFO: [VRFC 10-307] analyzing entity UAL
INFO: [VRFC 10-163] Analyzing VHDL file "/home/clrousse/4IR/Processeur/Processeur.srcs/sources_1/new/CheminDeDonnees.vhd" into library xil_defaultlib
INFO: [VRFC 10-307] analyzing entity CheminDeDonnees
INFO: [VRFC 10-163] Analyzing VHDL file "/home/clrousse/4IR/Processeur/Processeur.srcs/sources_1/new/Memoire_Donnee.vhd" into library xil_defaultlib
INFO: [VRFC 10-307] analyzing entity Memoire_Donnee
INFO: [VRFC 10-163] Analyzing VHDL file "/home/clrousse/4IR/Processeur/Processeur.srcs/sources_1/new/Memoire_Instruction.vhd" into library xil_defaultlib
INFO: [VRFC 10-307] analyzing entity Memoire_Instruction
INFO: [VRFC 10-163] Analyzing VHDL file "/home/clrousse/4IR/Processeur/Processeur.srcs/sources_1/new/Memoire_Donnee.vhd" into library xil_defaultlib
INFO: [VRFC 10-307] analyzing entity Memoire_Donnee
INFO: [VRFC 10-163] Analyzing VHDL file "/home/clrousse/4IR/Processeur/Processeur.srcs/sources_1/new/CheminDeDonnees.vhd" into library xil_defaultlib
INFO: [VRFC 10-307] analyzing entity CheminDeDonnees
INFO: [VRFC 10-163] Analyzing VHDL file "/home/clrousse/4IR/Processeur/Processeur.srcs/sources_1/new/Memoire_Donnee.vhd" into library xil_defaultlib
INFO: [VRFC 10-307] analyzing entity Memoire_Donnee
INFO: [VRFC 10-163] Analyzing VHDL file "/home/clrousse/4IR/Processeur/Processeur.srcs/sources_1/new/Memoire_Instruction.vhd" into library xil_defaultlib
INFO: [VRFC 10-307] analyzing entity Memoire_Instruction
INFO: [VRFC 10-163] Analyzing VHDL file "/home/clrousse/4IR/Processeur/Processeur.srcs/sources_1/new/Memoire_Instruction.vhd" into library xil_defaultlib
INFO: [VRFC 10-307] analyzing entity Memoire_Instruction
INFO: [VRFC 10-163] Analyzing VHDL file "/home/clrousse/4IR/Processeur/Processeur.srcs/sources_1/new/Memoire_Instruction.vhd" into library xil_defaultlib
INFO: [VRFC 10-307] analyzing entity Memoire_Instruction
INFO: [VRFC 10-163] Analyzing VHDL file "/home/clrousse/4IR/Processeur/Processeur.srcs/sources_1/new/Memoire_Donnee.vhd" into library xil_defaultlib
INFO: [VRFC 10-307] analyzing entity Memoire_Donnee
INFO: [VRFC 10-163] Analyzing VHDL file "/home/clrousse/4IR/Processeur/Processeur.srcs/sources_1/new/Memoire_Instruction.vhd" into library xil_defaultlib
INFO: [VRFC 10-307] analyzing entity Memoire_Instruction
INFO: [VRFC 10-163] Analyzing VHDL file "/home/clrousse/4IR/Processeur/Processeur.srcs/sources_1/new/Memoire_Instruction.vhd" into library xil_defaultlib
INFO: [VRFC 10-307] analyzing entity Memoire_Instruction
INFO: [VRFC 10-163] Analyzing VHDL file "/home/clrousse/4IR/Processeur/Processeur.srcs/sources_1/new/Memoire_Instruction.vhd" into library xil_defaultlib
INFO: [VRFC 10-307] analyzing entity Memoire_Instruction
INFO: [VRFC 10-163] Analyzing VHDL file "/home/clrousse/4IR/Processeur/Processeur.srcs/sources_1/new/Memoire_Instruction.vhd" into library xil_defaultlib
INFO: [VRFC 10-307] analyzing entity Memoire_Instruction
INFO: [VRFC 10-163] Analyzing VHDL file "/home/clrousse/4IR/Processeur/Processeur.srcs/sources_1/new/Memoire_Instruction.vhd" into library xil_defaultlib
INFO: [VRFC 10-307] analyzing entity Memoire_Instruction
INFO: [VRFC 10-163] Analyzing VHDL file "/home/clrousse/4IR/Processeur/Processeur.srcs/sources_1/new/Memoire_Instruction.vhd" into library xil_defaultlib
INFO: [VRFC 10-307] analyzing entity Memoire_Instruction
INFO: [VRFC 10-163] Analyzing VHDL file "/home/clrousse/4IR/Processeur/Processeur.srcs/sources_1/new/Memoire_Instruction.vhd" into library xil_defaultlib
INFO: [VRFC 10-307] analyzing entity Memoire_Instruction
INFO: [VRFC 10-163] Analyzing VHDL file "/home/clrousse/4IR/Processeur/Processeur.srcs/sources_1/new/Memoire_Donnee.vhd" into library xil_defaultlib
INFO: [VRFC 10-307] analyzing entity Memoire_Donnee
INFO: [VRFC 10-163] Analyzing VHDL file "/home/clrousse/4IR/Processeur/Processeur.srcs/sources_1/new/Memoire_Instruction.vhd" into library xil_defaultlib
INFO: [VRFC 10-307] analyzing entity Memoire_Instruction
INFO: [VRFC 10-163] Analyzing VHDL file "/home/clrousse/4IR/Processeur/Processeur.srcs/sources_1/new/Memoire_Instruction.vhd" into library xil_defaultlib
INFO: [VRFC 10-307] analyzing entity Memoire_Instruction
INFO: [VRFC 10-163] Analyzing VHDL file "/home/clrousse/4IR/Processeur/Processeur.srcs/sources_1/new/Memoire_Instruction.vhd" into library xil_defaultlib
INFO: [VRFC 10-307] analyzing entity Memoire_Instruction
INFO: [VRFC 10-163] Analyzing VHDL file "/home/clrousse/4IR/Processeur/Processeur.srcs/sources_1/new/Memoire_Instruction.vhd" into library xil_defaultlib
INFO: [VRFC 10-307] analyzing entity Memoire_Instruction
INFO: [VRFC 10-163] Analyzing VHDL file "/home/clrousse/4IR/Processeur/Processeur.srcs/sources_1/new/Memoire_Instruction.vhd" into library xil_defaultlib
INFO: [VRFC 10-307] analyzing entity Memoire_Instruction
INFO: [VRFC 10-163] Analyzing VHDL file "/home/clrousse/4IR/Processeur/Processeur.srcs/sources_1/new/Memoire_Instruction.vhd" into library xil_defaultlib
INFO: [VRFC 10-307] analyzing entity Memoire_Instruction
INFO: [VRFC 10-163] Analyzing VHDL file "/home/clrousse/4IR/Processeur/Processeur.srcs/sources_1/new/Test_donnee_AFC.vhd" into library xil_defaultlib
INFO: [VRFC 10-307] analyzing entity Test_donnee_AFC
INFO: [VRFC 10-163] Analyzing VHDL file "/home/clrousse/4IR/Processeur/Processeur.srcs/sources_1/new/CheminDeDonnees.vhd" into library xil_defaultlib
INFO: [VRFC 10-307] analyzing entity CheminDeDonnees
INFO: [VRFC 10-163] Analyzing VHDL file "/home/clrousse/4IR/Processeur/Processeur.srcs/sources_1/new/CheminDeDonnees.vhd" into library xil_defaultlib
INFO: [VRFC 10-307] analyzing entity CheminDeDonnees
INFO: [VRFC 10-163] Analyzing VHDL file "/home/clrousse/4IR/Processeur/Processeur.srcs/sources_1/new/Memoire_Instruction.vhd" into library xil_defaultlib
INFO: [VRFC 10-307] analyzing entity Memoire_Instruction
INFO: [VRFC 10-163] Analyzing VHDL file "/home/clrousse/4IR/Processeur/Processeur.srcs/sources_1/new/CheminDeDonnees.vhd" into library xil_defaultlib
INFO: [VRFC 10-307] analyzing entity CheminDeDonnees
INFO: [VRFC 10-163] Analyzing VHDL file "/home/clrousse/4IR/Processeur/Processeur.srcs/sources_1/new/Memoire_Instruction.vhd" into library xil_defaultlib
INFO: [VRFC 10-307] analyzing entity Memoire_Instruction
INFO: [VRFC 10-163] Analyzing VHDL file "/home/clrousse/4IR/Processeur/Processeur.srcs/sources_1/new/CheminDeDonnees.vhd" into library xil_defaultlib
INFO: [VRFC 10-307] analyzing entity CheminDeDonnees
INFO: [VRFC 10-163] Analyzing VHDL file "/home/clrousse/4IR/Processeur/Processeur.srcs/sources_1/new/Memoire_Instruction.vhd" into library xil_defaultlib
INFO: [VRFC 10-307] analyzing entity Memoire_Instruction
INFO: [VRFC 10-163] Analyzing VHDL file "/home/clrousse/4IR/Processeur/Processeur.srcs/sources_1/new/Memoire_Instruction.vhd" into library xil_defaultlib
INFO: [VRFC 10-307] analyzing entity Memoire_Instruction
INFO: [VRFC 10-163] Analyzing VHDL file "/home/clrousse/4IR/Processeur/Processeur.srcs/sources_1/new/CheminDeDonnees.vhd" into library xil_defaultlib
INFO: [VRFC 10-307] analyzing entity CheminDeDonnees
INFO: [VRFC 10-163] Analyzing VHDL file "/home/clrousse/4IR/Processeur/Processeur.srcs/sources_1/new/Memoire_Instruction.vhd" into library xil_defaultlib
INFO: [VRFC 10-307] analyzing entity Memoire_Instruction
INFO: [VRFC 10-163] Analyzing VHDL file "/home/clrousse/4IR/Processeur/Processeur.srcs/sources_1/new/Pipeline.vhd" into library xil_defaultlib
INFO: [VRFC 10-307] analyzing entity Pipeline
INFO: [VRFC 10-163] Analyzing VHDL file "/home/clrousse/4IR/Processeur/Processeur.srcs/sources_1/new/CheminDeDonnees.vhd" into library xil_defaultlib
INFO: [VRFC 10-307] analyzing entity CheminDeDonnees
INFO: [VRFC 10-163] Analyzing VHDL file "/home/clrousse/4IR/Processeur/Processeur.srcs/sources_1/new/CheminDeDonnees.vhd" into library xil_defaultlib
INFO: [VRFC 10-307] analyzing entity CheminDeDonnees
INFO: [VRFC 10-163] Analyzing VHDL file "/home/clrousse/4IR/Processeur/Processeur.srcs/sources_1/new/CheminDeDonnees.vhd" into library xil_defaultlib
INFO: [VRFC 10-307] analyzing entity CheminDeDonnees
INFO: [VRFC 10-163] Analyzing VHDL file "/home/clrousse/4IR/Processeur/Processeur.srcs/sources_1/new/CheminDeDonnees.vhd" into library xil_defaultlib
INFO: [VRFC 10-307] analyzing entity CheminDeDonnees
INFO: [VRFC 10-163] Analyzing VHDL file "/home/clrousse/4IR/Processeur/Processeur.srcs/sources_1/new/CheminDeDonnees.vhd" into library xil_defaultlib
INFO: [VRFC 10-307] analyzing entity CheminDeDonnees
INFO: [VRFC 10-163] Analyzing VHDL file "/home/clrousse/4IR/Processeur/Processeur.srcs/sources_1/new/CheminDeDonnees.vhd" into library xil_defaultlib
INFO: [VRFC 10-307] analyzing entity CheminDeDonnees
INFO: [VRFC 10-163] Analyzing VHDL file "/home/clrousse/4IR/Processeur/Processeur.srcs/sources_1/new/CheminDeDonnees.vhd" into library xil_defaultlib
INFO: [VRFC 10-307] analyzing entity CheminDeDonnees
INFO: [VRFC 10-163] Analyzing VHDL file "/home/clrousse/4IR/Processeur/Processeur.srcs/sources_1/new/CheminDeDonnees.vhd" into library xil_defaultlib
INFO: [VRFC 10-307] analyzing entity CheminDeDonnees
INFO: [VRFC 10-163] Analyzing VHDL file "/home/clrousse/4IR/Processeur/Processeur.srcs/sources_1/new/CheminDeDonnees.vhd" into library xil_defaultlib
INFO: [VRFC 10-307] analyzing entity CheminDeDonnees
INFO: [VRFC 10-163] Analyzing VHDL file "/home/clrousse/4IR/Processeur/Processeur.srcs/sources_1/new/CheminDeDonnees.vhd" into library xil_defaultlib
INFO: [VRFC 10-307] analyzing entity CheminDeDonnees
INFO: [VRFC 10-163] Analyzing VHDL file "/home/clrousse/4IR/Processeur/Processeur.srcs/sources_1/new/CheminDeDonnees.vhd" into library xil_defaultlib
INFO: [VRFC 10-307] analyzing entity CheminDeDonnees
INFO: [VRFC 10-163] Analyzing VHDL file "/home/clrousse/4IR/Processeur/Processeur.srcs/sources_1/new/Memoire_Instruction.vhd" into library xil_defaultlib
INFO: [VRFC 10-307] analyzing entity Memoire_Instruction
INFO: [VRFC 10-163] Analyzing VHDL file "/home/clrousse/4IR/Processeur/Processeur.srcs/sources_1/new/Memoire_Instruction.vhd" into library xil_defaultlib
INFO: [VRFC 10-307] analyzing entity Memoire_Instruction
INFO: [VRFC 10-163] Analyzing VHDL file "/home/clrousse/4IR/Processeur/Processeur.srcs/sources_1/new/CheminDeDonnees.vhd" into library xil_defaultlib
INFO: [VRFC 10-307] analyzing entity CheminDeDonnees
INFO: [VRFC 10-163] Analyzing VHDL file "/home/clrousse/4IR/Processeur/Processeur.srcs/sources_1/new/Memoire_Instruction.vhd" into library xil_defaultlib
INFO: [VRFC 10-307] analyzing entity Memoire_Instruction
INFO: [VRFC 10-163] Analyzing VHDL file "/home/clrousse/4IR/Processeur/Processeur.srcs/sources_1/new/CheminDeDonnees.vhd" into library xil_defaultlib
INFO: [VRFC 10-307] analyzing entity CheminDeDonnees
INFO: [VRFC 10-163] Analyzing VHDL file "/home/clrousse/4IR/Processeur/Processeur.srcs/sources_1/new/Memoire_Instruction.vhd" into library xil_defaultlib
INFO: [VRFC 10-307] analyzing entity Memoire_Instruction
INFO: [VRFC 10-163] Analyzing VHDL file "/home/clrousse/4IR/Processeur/Processeur.srcs/sources_1/new/UAL.vhd" into library xil_defaultlib
INFO: [VRFC 10-307] analyzing entity UAL
INFO: [VRFC 10-163] Analyzing VHDL file "/home/clrousse/4IR/Processeur/Processeur.srcs/sources_1/new/CheminDeDonnees.vhd" into library xil_defaultlib
INFO: [VRFC 10-307] analyzing entity CheminDeDonnees
INFO: [VRFC 10-163] Analyzing VHDL file "/home/clrousse/4IR/Processeur/Processeur.srcs/sources_1/new/CheminDeDonnees.vhd" into library xil_defaultlib
INFO: [VRFC 10-307] analyzing entity CheminDeDonnees
INFO: [VRFC 10-163] Analyzing VHDL file "/home/clrousse/4IR/Processeur/Processeur.srcs/sources_1/new/CheminDeDonnees.vhd" into library xil_defaultlib
INFO: [VRFC 10-307] analyzing entity CheminDeDonnees
INFO: [VRFC 10-163] Analyzing VHDL file "/home/clrousse/4IR/Processeur/Processeur.srcs/sources_1/new/UAL.vhd" into library xil_defaultlib
INFO: [VRFC 10-307] analyzing entity UAL
INFO: [VRFC 10-163] Analyzing VHDL file "/home/clrousse/4IR/Processeur/Processeur.srcs/sources_1/new/UAL.vhd" into library xil_defaultlib
INFO: [VRFC 10-307] analyzing entity UAL
INFO: [VRFC 10-163] Analyzing VHDL file "/home/clrousse/4IR/Processeur/Processeur.srcs/sources_1/new/CheminDeDonnees.vhd" into library xil_defaultlib
INFO: [VRFC 10-307] analyzing entity CheminDeDonnees
INFO: [VRFC 10-163] Analyzing VHDL file "/home/clrousse/4IR/Processeur/Processeur.srcs/sources_1/new/CheminDeDonnees.vhd" into library xil_defaultlib
INFO: [VRFC 10-307] analyzing entity CheminDeDonnees
INFO: [VRFC 10-163] Analyzing VHDL file "/home/clrousse/4IR/Processeur/Processeur.srcs/sources_1/new/Memoire_Instruction.vhd" into library xil_defaultlib
INFO: [VRFC 10-307] analyzing entity Memoire_Instruction
INFO: [VRFC 10-163] Analyzing VHDL file "/home/clrousse/4IR/Processeur/Processeur.srcs/sources_1/new/Memoire_Instruction.vhd" into library xil_defaultlib
INFO: [VRFC 10-307] analyzing entity Memoire_Instruction
INFO: [VRFC 10-163] Analyzing VHDL file "/home/clrousse/4IR/Processeur/Processeur.srcs/sources_1/new/CheminDeDonnees.vhd" into library xil_defaultlib
INFO: [VRFC 10-307] analyzing entity CheminDeDonnees
INFO: [VRFC 10-163] Analyzing VHDL file "/home/clrousse/4IR/Processeur/Processeur.srcs/sources_1/new/CheminDeDonnees.vhd" into library xil_defaultlib
INFO: [VRFC 10-307] analyzing entity CheminDeDonnees
INFO: [VRFC 10-163] Analyzing VHDL file "/home/clrousse/4IR/Processeur/Processeur.srcs/sources_1/new/Memoire_Instruction.vhd" into library xil_defaultlib
INFO: [VRFC 10-307] analyzing entity Memoire_Instruction
INFO: [VRFC 10-163] Analyzing VHDL file "/home/clrousse/4IR/Processeur/Processeur.srcs/sources_1/new/Test_donnee_AFC.vhd" into library xil_defaultlib
INFO: [VRFC 10-307] analyzing entity Test_donnee_AFC
INFO: [VRFC 10-163] Analyzing VHDL file "/home/clrousse/4IR/Processeur/Processeur.srcs/sources_1/new/CheminDeDonnees.vhd" into library xil_defaultlib
INFO: [VRFC 10-307] analyzing entity CheminDeDonnees
INFO: [VRFC 10-163] Analyzing VHDL file "/home/clrousse/4IR/Processeur/Processeur.srcs/sources_1/new/Memoire_Instruction.vhd" into library xil_defaultlib
INFO: [VRFC 10-307] analyzing entity Memoire_Instruction
INFO: [VRFC 10-163] Analyzing VHDL file "/home/clrousse/4IR/Processeur/Processeur.srcs/sources_1/new/CheminDeDonnees.vhd" into library xil_defaultlib
INFO: [VRFC 10-307] analyzing entity CheminDeDonnees
INFO: [VRFC 10-163] Analyzing VHDL file "/home/clrousse/4IR/Processeur/Processeur.srcs/sources_1/new/CheminDeDonnees.vhd" into library xil_defaultlib
INFO: [VRFC 10-307] analyzing entity CheminDeDonnees
INFO: [VRFC 10-163] Analyzing VHDL file "/home/clrousse/4IR/Processeur/Processeur.srcs/sources_1/new/CheminDeDonnees.vhd" into library xil_defaultlib
INFO: [VRFC 10-307] analyzing entity CheminDeDonnees
INFO: [VRFC 10-163] Analyzing VHDL file "/home/clrousse/4IR/Processeur/Processeur.srcs/sources_1/new/Memoire_Instruction.vhd" into library xil_defaultlib
INFO: [VRFC 10-307] analyzing entity Memoire_Instruction
INFO: [VRFC 10-163] Analyzing VHDL file "/home/clrousse/4IR/Processeur/Processeur.srcs/sources_1/new/CheminDeDonnees.vhd" into library xil_defaultlib
INFO: [VRFC 10-307] analyzing entity CheminDeDonnees
INFO: [VRFC 10-163] Analyzing VHDL file "/home/clrousse/4IR/Processeur/Processeur.srcs/sources_1/new/Memoire_Instruction.vhd" into library xil_defaultlib
INFO: [VRFC 10-307] analyzing entity Memoire_Instruction
INFO: [VRFC 10-163] Analyzing VHDL file "/home/clrousse/4IR/Processeur/Processeur.srcs/sources_1/new/Test_donnee_AFC.vhd" into library xil_defaultlib
INFO: [VRFC 10-307] analyzing entity Test_donnee_AFC
INFO: [VRFC 10-163] Analyzing VHDL file "/home/clrousse/4IR/Processeur/Processeur.srcs/sources_1/new/Memoire_Instruction.vhd" into library xil_defaultlib
INFO: [VRFC 10-307] analyzing entity Memoire_Instruction
INFO: [VRFC 10-163] Analyzing VHDL file "/home/clrousse/4IR/Processeur/Processeur.srcs/sources_1/new/CheminDeDonnees.vhd" into library xil_defaultlib
INFO: [VRFC 10-307] analyzing entity CheminDeDonnees
INFO: [VRFC 10-163] Analyzing VHDL file "/home/clrousse/4IR/Processeur/Processeur.srcs/sources_1/new/Memoire_Instruction.vhd" into library xil_defaultlib
INFO: [VRFC 10-307] analyzing entity Memoire_Instruction
INFO: [VRFC 10-163] Analyzing VHDL file "/home/clrousse/4IR/Processeur/Processeur.srcs/sources_1/new/Memoire_Instruction.vhd" into library xil_defaultlib
INFO: [VRFC 10-307] analyzing entity Memoire_Instruction
INFO: [VRFC 10-163] Analyzing VHDL file "/home/clrousse/4IR/Processeur/Processeur.srcs/sources_1/new/Memoire_Donnee.vhd" into library xil_defaultlib
INFO: [VRFC 10-307] analyzing entity Memoire_Donnee
INFO: [VRFC 10-163] Analyzing VHDL file "/home/clrousse/4IR/Processeur/Processeur.srcs/sources_1/new/Memoire_Donnee.vhd" into library xil_defaultlib
INFO: [VRFC 10-307] analyzing entity Memoire_Donnee
INFO: [VRFC 10-163] Analyzing VHDL file "/home/clrousse/4IR/Processeur/Processeur.srcs/sources_1/new/Memoire_Donnee.vhd" into library xil_defaultlib
INFO: [VRFC 10-307] analyzing entity Memoire_Donnee
INFO: [VRFC 10-163] Analyzing VHDL file "/home/clrousse/4IR/Processeur/Processeur.srcs/sources_1/new/Memoire_Donnee.vhd" into library xil_defaultlib
INFO: [VRFC 10-307] analyzing entity Memoire_Donnee
INFO: [VRFC 10-163] Analyzing VHDL file "/home/clrousse/4IR/Processeur/Processeur.srcs/sources_1/new/Memoire_Instruction.vhd" into library xil_defaultlib
INFO: [VRFC 10-307] analyzing entity Memoire_Instruction
INFO: [VRFC 10-163] Analyzing VHDL file "/home/clrousse/4IR/Processeur/Processeur.srcs/sources_1/new/Memoire_Donnee.vhd" into library xil_defaultlib
INFO: [VRFC 10-307] analyzing entity Memoire_Donnee
INFO: [VRFC 10-163] Analyzing VHDL file "/home/clrousse/4IR/Processeur/Processeur.srcs/sources_1/new/Memoire_Donnee.vhd" into library xil_defaultlib
INFO: [VRFC 10-307] analyzing entity Memoire_Donnee
INFO: [VRFC 10-163] Analyzing VHDL file "/home/clrousse/4IR/Processeur/Processeur.srcs/sources_1/new/Memoire_Donnee.vhd" into library xil_defaultlib
INFO: [VRFC 10-307] analyzing entity Memoire_Donnee
INFO: [VRFC 10-163] Analyzing VHDL file "/home/clrousse/4IR/Processeur/Processeur.srcs/sources_1/new/Memoire_Donnee.vhd" into library xil_defaultlib
INFO: [VRFC 10-307] analyzing entity Memoire_Donnee
INFO: [VRFC 10-163] Analyzing VHDL file "/home/clrousse/4IR/Processeur/Processeur.srcs/sources_1/new/Memoire_Instruction.vhd" into library xil_defaultlib
INFO: [VRFC 10-307] analyzing entity Memoire_Instruction
INFO: [VRFC 10-163] Analyzing VHDL file "/home/clrousse/4IR/Processeur/Processeur.srcs/sources_1/new/Memoire_Instruction.vhd" into library xil_defaultlib
INFO: [VRFC 10-307] analyzing entity Memoire_Instruction
INFO: [VRFC 10-163] Analyzing VHDL file "/home/clrousse/4IR/Processeur/Processeur.srcs/sources_1/new/Memoire_Donnee.vhd" into library xil_defaultlib
INFO: [VRFC 10-307] analyzing entity Memoire_Donnee
INFO: [VRFC 10-163] Analyzing VHDL file "/home/clrousse/4IR/Processeur/Processeur.srcs/sources_1/new/Memoire_Instruction.vhd" into library xil_defaultlib
INFO: [VRFC 10-307] analyzing entity Memoire_Instruction
INFO: [VRFC 10-163] Analyzing VHDL file "/home/clrousse/4IR/Processeur/Processeur.srcs/sources_1/new/CheminDeDonnees.vhd" into library xil_defaultlib
INFO: [VRFC 10-307] analyzing entity CheminDeDonnees
INFO: [VRFC 10-163] Analyzing VHDL file "/home/clrousse/4IR/Processeur/Processeur.srcs/sources_1/new/CheminDeDonnees.vhd" into library xil_defaultlib
INFO: [VRFC 10-307] analyzing entity CheminDeDonnees
INFO: [VRFC 10-163] Analyzing VHDL file "/home/clrousse/4IR/Processeur/Processeur.srcs/sources_1/new/CheminDeDonnees.vhd" into library xil_defaultlib
INFO: [VRFC 10-307] analyzing entity CheminDeDonnees
INFO: [VRFC 10-163] Analyzing VHDL file "/home/clrousse/4IR/Processeur/Processeur.srcs/sources_1/new/CheminDeDonnees.vhd" into library xil_defaultlib
INFO: [VRFC 10-307] analyzing entity CheminDeDonnees
INFO: [VRFC 10-163] Analyzing VHDL file "/home/clrousse/4IR/Processeur/Processeur.srcs/sources_1/new/CheminDeDonnees.vhd" into library xil_defaultlib
INFO: [VRFC 10-307] analyzing entity CheminDeDonnees
INFO: [VRFC 10-163] Analyzing VHDL file "/home/clrousse/4IR/Processeur/Processeur.srcs/sources_1/new/CheminDeDonnees.vhd" into library xil_defaultlib
INFO: [VRFC 10-307] analyzing entity CheminDeDonnees
INFO: [VRFC 10-163] Analyzing VHDL file "/home/clrousse/4IR/Processeur/Processeur.srcs/sources_1/new/CheminDeDonnees.vhd" into library xil_defaultlib
INFO: [VRFC 10-307] analyzing entity CheminDeDonnees
INFO: [VRFC 10-163] Analyzing VHDL file "/home/clrousse/4IR/Processeur/Processeur.srcs/sources_1/new/CheminDeDonnees.vhd" into library xil_defaultlib
INFO: [VRFC 10-307] analyzing entity CheminDeDonnees
INFO: [VRFC 10-163] Analyzing VHDL file "/home/clrousse/4IR/Processeur/Processeur.srcs/sources_1/new/CheminDeDonnees.vhd" into library xil_defaultlib
INFO: [VRFC 10-307] analyzing entity CheminDeDonnees
ERROR: [VRFC 10-1412] syntax error near = [/home/clrousse/4IR/Processeur/Processeur.srcs/sources_1/new/CheminDeDonnees.vhd:225]
ERROR: [VRFC 10-1464] type  void does not match with a string literal [/home/clrousse/4IR/Processeur/Processeur.srcs/sources_1/new/CheminDeDonnees.vhd:225]
ERROR: [VRFC 10-1504] unit behavioral ignored due to previous errors [/home/clrousse/4IR/Processeur/Processeur.srcs/sources_1/new/CheminDeDonnees.vhd:44]
INFO: [VRFC 10-240] VHDL file /home/clrousse/4IR/Processeur/Processeur.srcs/sources_1/new/CheminDeDonnees.vhd ignored due to errors
INFO: [VRFC 10-163] Analyzing VHDL file "/home/clrousse/4IR/Processeur/Processeur.srcs/sources_1/new/CheminDeDonnees.vhd" into library xil_defaultlib
INFO: [VRFC 10-307] analyzing entity CheminDeDonnees
INFO: [VRFC 10-163] Analyzing VHDL file "/home/clrousse/4IR/Processeur/Processeur.srcs/sources_1/new/CheminDeDonnees.vhd" into library xil_defaultlib
INFO: [VRFC 10-307] analyzing entity CheminDeDonnees
INFO: [VRFC 10-163] Analyzing VHDL file "/home/clrousse/4IR/Processeur/Processeur.srcs/sources_1/new/CheminDeDonnees.vhd" into library xil_defaultlib
INFO: [VRFC 10-307] analyzing entity CheminDeDonnees
INFO: [VRFC 10-163] Analyzing VHDL file "/home/clrousse/4IR/Processeur/Processeur.srcs/sources_1/new/CheminDeDonnees.vhd" into library xil_defaultlib
INFO: [VRFC 10-307] analyzing entity CheminDeDonnees
INFO: [VRFC 10-163] Analyzing VHDL file "/home/clrousse/4IR/Processeur/Processeur.srcs/sources_1/new/CheminDeDonnees.vhd" into library xil_defaultlib
INFO: [VRFC 10-307] analyzing entity CheminDeDonnees
INFO: [VRFC 10-163] Analyzing VHDL file "/home/clrousse/4IR/Processeur/Processeur.srcs/sources_1/new/CheminDeDonnees.vhd" into library xil_defaultlib
INFO: [VRFC 10-307] analyzing entity CheminDeDonnees
INFO: [VRFC 10-163] Analyzing VHDL file "/home/clrousse/4IR/Processeur/Processeur.srcs/sources_1/new/CheminDeDonnees.vhd" into library xil_defaultlib
INFO: [VRFC 10-307] analyzing entity CheminDeDonnees
ERROR: [VRFC 10-1412] syntax error near ex_op [/home/clrousse/4IR/Processeur/Processeur.srcs/sources_1/new/CheminDeDonnees.vhd:231]
ERROR: [VRFC 10-1504] unit behavioral ignored due to previous errors [/home/clrousse/4IR/Processeur/Processeur.srcs/sources_1/new/CheminDeDonnees.vhd:44]
INFO: [VRFC 10-240] VHDL file /home/clrousse/4IR/Processeur/Processeur.srcs/sources_1/new/CheminDeDonnees.vhd ignored due to errors
INFO: [VRFC 10-163] Analyzing VHDL file "/home/clrousse/4IR/Processeur/Processeur.srcs/sources_1/new/CheminDeDonnees.vhd" into library xil_defaultlib
INFO: [VRFC 10-307] analyzing entity CheminDeDonnees
INFO: [VRFC 10-163] Analyzing VHDL file "/home/clrousse/4IR/Processeur/Processeur.srcs/sources_1/new/CheminDeDonnees.vhd" into library xil_defaultlib
INFO: [VRFC 10-307] analyzing entity CheminDeDonnees
INFO: [VRFC 10-163] Analyzing VHDL file "/home/clrousse/4IR/Processeur/Processeur.srcs/sources_1/new/CheminDeDonnees.vhd" into library xil_defaultlib
INFO: [VRFC 10-307] analyzing entity CheminDeDonnees
INFO: [VRFC 10-163] Analyzing VHDL file "/home/clrousse/4IR/Processeur/Processeur.srcs/sources_1/new/CheminDeDonnees.vhd" into library xil_defaultlib
INFO: [VRFC 10-307] analyzing entity CheminDeDonnees
INFO: [VRFC 10-163] Analyzing VHDL file "/home/clrousse/4IR/Processeur/Processeur.srcs/sources_1/new/Memoire_Instruction.vhd" into library xil_defaultlib
INFO: [VRFC 10-307] analyzing entity Memoire_Instruction
INFO: [VRFC 10-163] Analyzing VHDL file "/home/clrousse/4IR/Processeur/Processeur.srcs/sources_1/new/Memoire_Instruction.vhd" into library xil_defaultlib
INFO: [VRFC 10-307] analyzing entity Memoire_Instruction
INFO: [VRFC 10-163] Analyzing VHDL file "/home/clrousse/4IR/Processeur/Processeur.srcs/sources_1/new/CheminDeDonnees.vhd" into library xil_defaultlib
INFO: [VRFC 10-307] analyzing entity CheminDeDonnees
INFO: [VRFC 10-163] Analyzing VHDL file "/home/clrousse/4IR/Processeur/Processeur.srcs/sources_1/new/Memoire_Instruction.vhd" into library xil_defaultlib
INFO: [VRFC 10-307] analyzing entity Memoire_Instruction
INFO: [VRFC 10-163] Analyzing VHDL file "/home/clrousse/4IR/Processeur/Processeur.srcs/sources_1/new/CheminDeDonnees.vhd" into library xil_defaultlib
INFO: [VRFC 10-307] analyzing entity CheminDeDonnees
INFO: [VRFC 10-163] Analyzing VHDL file "/home/clrousse/4IR/Processeur/Processeur.srcs/sources_1/new/CheminDeDonnees.vhd" into library xil_defaultlib
INFO: [VRFC 10-307] analyzing entity CheminDeDonnees
INFO: [VRFC 10-163] Analyzing VHDL file "/home/clrousse/4IR/Processeur/Processeur.srcs/sources_1/new/CheminDeDonnees.vhd" into library xil_defaultlib
INFO: [VRFC 10-307] analyzing entity CheminDeDonnees
INFO: [VRFC 10-163] Analyzing VHDL file "/home/clrousse/4IR/Processeur/Processeur.srcs/sources_1/new/CheminDeDonnees.vhd" into library xil_defaultlib
INFO: [VRFC 10-307] analyzing entity CheminDeDonnees
INFO: [VRFC 10-163] Analyzing VHDL file "/home/clrousse/4IR/Processeur/Processeur.srcs/sources_1/new/CheminDeDonnees.vhd" into library xil_defaultlib
INFO: [VRFC 10-307] analyzing entity CheminDeDonnees
INFO: [VRFC 10-163] Analyzing VHDL file "/home/clrousse/4IR/Processeur/Processeur.srcs/sources_1/new/CheminDeDonnees.vhd" into library xil_defaultlib
INFO: [VRFC 10-307] analyzing entity CheminDeDonnees
INFO: [VRFC 10-163] Analyzing VHDL file "/home/clrousse/4IR/Processeur/Processeur.srcs/sources_1/new/Memoire_Instruction.vhd" into library xil_defaultlib
INFO: [VRFC 10-307] analyzing entity Memoire_Instruction
